{
  "/Users/maxtune/workspace/sastoj-frontend/packages/ui/lib/Button/Button.tsx": {
    "path": "/Users/maxtune/workspace/sastoj-frontend/packages/ui/lib/Button/Button.tsx",
    "all": false,
    "statementMap": {
      "0": { "start": { "line": 1, "column": 0 }, "end": { "line": 1, "column": 26 } },
      "1": { "start": { "line": 2, "column": 0 }, "end": { "line": 2, "column": 42 } },
      "2": { "start": { "line": 3, "column": 0 }, "end": { "line": 3, "column": 36 } },
      "3": { "start": { "line": 4, "column": 0 }, "end": { "line": 4, "column": 0 } },
      "4": { "start": { "line": 5, "column": 0 }, "end": { "line": 5, "column": 84 } },
      "5": { "start": { "line": 6, "column": 0 }, "end": { "line": 6, "column": 5 } },
      "6": { "start": { "line": 7, "column": 0 }, "end": { "line": 7, "column": 29 } },
      "7": { "start": { "line": 8, "column": 0 }, "end": { "line": 8, "column": 5 } },
      "8": { "start": { "line": 9, "column": 0 }, "end": { "line": 9, "column": 45 } },
      "9": { "start": { "line": 10, "column": 0 }, "end": { "line": 10, "column": 0 } },
      "10": { "start": { "line": 11, "column": 0 }, "end": { "line": 11, "column": 5 } },
      "11": { "start": { "line": 12, "column": 0 }, "end": { "line": 12, "column": 28 } },
      "12": { "start": { "line": 13, "column": 0 }, "end": { "line": 13, "column": 5 } },
      "13": { "start": { "line": 14, "column": 0 }, "end": { "line": 14, "column": 38 } },
      "14": { "start": { "line": 15, "column": 0 }, "end": { "line": 15, "column": 0 } },
      "15": { "start": { "line": 16, "column": 0 }, "end": { "line": 16, "column": 5 } },
      "16": { "start": { "line": 17, "column": 0 }, "end": { "line": 17, "column": 44 } },
      "17": { "start": { "line": 18, "column": 0 }, "end": { "line": 18, "column": 5 } },
      "18": { "start": { "line": 19, "column": 0 }, "end": { "line": 19, "column": 21 } },
      "19": { "start": { "line": 20, "column": 0 }, "end": { "line": 20, "column": 1 } },
      "20": { "start": { "line": 21, "column": 0 }, "end": { "line": 21, "column": 0 } },
      "21": { "start": { "line": 22, "column": 0 }, "end": { "line": 22, "column": 71 } },
      "22": { "start": { "line": 23, "column": 0 }, "end": { "line": 23, "column": 79 } },
      "23": { "start": { "line": 24, "column": 0 }, "end": { "line": 24, "column": 32 } },
      "24": { "start": { "line": 25, "column": 0 }, "end": { "line": 25, "column": 21 } },
      "25": { "start": { "line": 26, "column": 0 }, "end": { "line": 26, "column": 20 } },
      "26": { "start": { "line": 27, "column": 0 }, "end": { "line": 27, "column": 19 } },
      "27": { "start": { "line": 28, "column": 0 }, "end": { "line": 28, "column": 41 } },
      "28": { "start": { "line": 29, "column": 0 }, "end": { "line": 29, "column": 6 } },
      "29": { "start": { "line": 30, "column": 0 }, "end": { "line": 30, "column": 12 } },
      "30": { "start": { "line": 31, "column": 0 }, "end": { "line": 31, "column": 13 } },
      "31": { "start": { "line": 32, "column": 0 }, "end": { "line": 32, "column": 17 } },
      "32": { "start": { "line": 33, "column": 0 }, "end": { "line": 33, "column": 28 } },
      "33": { "start": { "line": 34, "column": 0 }, "end": { "line": 34, "column": 17 } },
      "34": { "start": { "line": 35, "column": 0 }, "end": { "line": 35, "column": 27 } },
      "35": { "start": { "line": 36, "column": 0 }, "end": { "line": 36, "column": 8 } },
      "36": { "start": { "line": 37, "column": 0 }, "end": { "line": 37, "column": 6 } },
      "37": { "start": { "line": 38, "column": 0 }, "end": { "line": 38, "column": 4 } },
      "38": { "start": { "line": 39, "column": 0 }, "end": { "line": 39, "column": 2 } },
      "39": { "start": { "line": 40, "column": 0 }, "end": { "line": 40, "column": 0 } },
      "40": { "start": { "line": 41, "column": 0 }, "end": { "line": 41, "column": 30 } }
    },
    "s": {
      "0": 1,
      "1": 1,
      "2": 1,
      "3": 1,
      "4": 1,
      "5": 1,
      "6": 1,
      "7": 1,
      "8": 1,
      "9": 1,
      "10": 1,
      "11": 1,
      "12": 1,
      "13": 1,
      "14": 1,
      "15": 1,
      "16": 1,
      "17": 1,
      "18": 1,
      "19": 1,
      "20": 1,
      "21": 1,
      "22": 1,
      "23": 2,
      "24": 2,
      "25": 2,
      "26": 2,
      "27": 2,
      "28": 2,
      "29": 2,
      "30": 2,
      "31": 2,
      "32": 2,
      "33": 2,
      "34": 2,
      "35": 2,
      "36": 2,
      "37": 2,
      "38": 1,
      "39": 1,
      "40": 1
    },
    "branchMap": {
      "0": {
        "type": "branch",
        "line": 23,
        "loc": { "start": { "line": 23, "column": 2 }, "end": { "line": 38, "column": 4 } },
        "locations": [{ "start": { "line": 23, "column": 2 }, "end": { "line": 38, "column": 4 } }]
      },
      "1": {
        "type": "branch",
        "line": 28,
        "loc": { "start": { "line": 28, "column": 13 }, "end": { "line": 28, "column": 37 } },
        "locations": [
          { "start": { "line": 28, "column": 13 }, "end": { "line": 28, "column": 37 } }
        ]
      }
    },
    "b": { "0": [2], "1": [0] },
    "fnMap": {},
    "f": {}
  }
}
